appinfo/
appinfo/command.lsm
bin/
bin/command.com
bin/fdcom.ico
doc/
doc/freecom/
doc/freecom/cmd.html
doc/freecom/file_id.diz
doc/freecom/freecom.html
doc/freecom/k-swap.txt
doc/freecom/read1st.txt
doc/freecom/readme.txt
doc/freecom/version.txt
doc/freecom/vspawn.txt
help/
help/command.en
help/freecom.en
nls/
nls/cmd-de.com
nls/cmd-en.com
nls/cmd-es.com
nls/cmd-fr.com
nls/cmd-it.com
nls/cmd-nl.com
nls/cmd-pl.com
nls/cmd-pt.com
nls/cmd-ru.com
nls/cmd-sv.com
nls/cmd-ua.com
nls/cmd-yu.com
nls/cmd-yu43.com
nls/makecmd.bat
packages/
packages/commandx/
