appinfo/
appinfo/ctmouse.lsm
bin/
bin/ctmouse/
bin/ctmouse/comtest.com
bin/ctmouse/ctm-br.exe
bin/ctmouse/ctm-de.exe
bin/ctmouse/ctm-en.exe
bin/ctmouse/ctm-es.exe
bin/ctmouse/ctm-fr.exe
bin/ctmouse/ctm-hu.exe
bin/ctmouse/ctm-it.exe
bin/ctmouse/ctm-lv.exe
bin/ctmouse/ctm-nl.exe
bin/ctmouse/ctm-pl.exe
bin/ctmouse/ctm-pt.exe
bin/ctmouse/ctm-sk.exe
bin/ctmouse/mousetst.com
bin/ctmouse/protocol.com
bin/ctmouse.exe
bin/ctmouse2.exe
doc/
doc/ctmouse/
doc/ctmouse/ctmouse.txt
doc/ctmouse/ctmouse2.txt
doc/ctmouse/extend.txt
doc/ctmouse/history.txt
doc/ctmouse/protocol.txt
doc/ctmouse/technot2.txt
doc/ctmouse/technote.txt
doc/ctmouse/wheelapi.txt
help/
help/ctmouse.en
packages/
packages/ctmousex/
packages/ctmousex/install.bat
packages/ctmousex/remove.bat
