appinfo/
appinfo/doslfn.lsm
bin/
bin/c1258uni.tbl
bin/cp437uni.tbl
bin/cp720uni.tbl
bin/cp737uni.tbl
bin/cp775uni.tbl
bin/cp850uni.tbl
bin/cp852uni.tbl
bin/cp855uni.tbl
bin/cp857uni.tbl
bin/cp858uni.tbl
bin/cp861uni.tbl
bin/cp862uni.tbl
bin/cp863uni.tbl
bin/cp864uni.tbl
bin/cp865uni.tbl
bin/cp866uni.tbl
bin/cp869uni.tbl
bin/cp874uni.tbl
bin/cp932uni.tbl
bin/cp936uni.gbk
bin/cp936uni.tbl
bin/cp949uni.tbl
bin/cp950uni.tbl
bin/doslfn.com
bin/doslfnms.com
bin/fmlfn.drv
bin/l.exe
bin/lfnxlat.386
bin/lowdma.com
bin/lowdma.sys
bin/mvalues.exe
doc/
doc/doslfn/
doc/doslfn/lowdma.txt
doc/doslfn/tbl.txt
doc/doslfn/todo.txt
help/
help/doslfn.de
help/doslfn.en
packages/
packages/doslfnx/
packages/doslfnx/install.bat
