appinfo/
appinfo/help.lsm
bin/
bin/bookshlf.exe
bin/help.exe
doc/
doc/help/
doc/help/bugs
doc/help/history
doc/help/readme
help/
help/docinfo/
help/docinfo/bi/
help/docinfo/bi/nls/
help/docinfo/bi/nls/en.bi
help/en/
help/en/help.htm
help/en/hhstndrd/
help/en/hhstndrd/h2cpying.txt
help/en/hhstndrd/hhstndrd.zip
help/en/hhstndrd/readme.1st
help/en/index.htm
help/fdl.txt
help/index.htm
help/ru/
help/ru/hhstndrd/
help/ru/hhstndrd/edit.htm
nls/
nls/htmlhelp.en
nls/htmlhelp.it
nls/htmlhelp.nl
nls/HTMLHELP.PL
packages/
packages/helpx/
packages/helpx/remove.bat
packages/helpx/upgrade.bat
bin/help.com
