appinfo/
appinfo/kc.lsm
appinfo/keyb.lsm
bin/
bin/kc.exe
bin/keyb.exe
bin/keyboard.sys
bin/keybrd2.sys
bin/keybrd3.sys
bin/keycode.exe
bin/klib.exe
doc/
doc/kc/
doc/kc/key.txt
doc/kc/readme.txt
doc/keyb/
doc/keyb/commands.txt
doc/keyb/readme.txt
doc/keydos/
doc/keydos/africa.txt
doc/keydos/enhanced.txt
doc/keydos/georgia.txt
doc/keydos/history.txt
doc/keydos/jp106.txt
doc/keydos/lat-amer.txt
doc/keydos/layouts.txt
doc/keydos/readme.txt
doc/keydos/russia.txt
doc/keydos/us-intl.txt
help/
help/kc.en
help/keyb.en
packages/
packages/keybx/
doc/keyb/copying.txt
