appinfo/
appinfo/shsucdx.lsm
bin/
bin/cd2iso86.exe
bin/cdtest.exe
bin/isobar.exe
bin/omi.exe
bin/shcdhd86.exe
bin/shcdrd86.exe
bin/shcdri86.exe
bin/shcdx86.com
bin/shdvhd86.exe
bin/shsucdhd.exe
bin/shsucdrd.exe
bin/shsucdri.exe
bin/shsucdx.com
bin/shsudvhd.exe
bin/smarter.exe
doc/
doc/shsucdx/
doc/shsucdx/image.txt
doc/shsucdx/readme.cdx
doc/shsucdx/readme.txt
doc/shsucdx/shsucdhd.txt
doc/shsucdx/shsucdx.txt
doc/shsucdx/todo.txt
doc/shsucdx/update.txt
help/
help/fdcdex.en
help/shsucdx.en
packages/
packages/shsucdxx/
