appinfo/
appinfo/swsubst.lsm
bin/
bin/join.exe
bin/subst.exe
bin/swsubst.exe
doc/
doc/swsubst/
doc/swsubst/file_id.diz
doc/swsubst/history
doc/swsubst/join/
doc/swsubst/join/deutsch.nro
doc/swsubst/join/english.nro
doc/swsubst/join/join.1
doc/swsubst/join/join.1g
doc/swsubst/join/join.bat
doc/swsubst/readme
doc/swsubst/subst/
doc/swsubst/subst/deutsch.nro
doc/swsubst/subst/english.nro
doc/swsubst/subst/subst.1
doc/swsubst/subst/subst.1g
doc/swsubst/subst/subst.bat
doc/swsubst/swsubst.1
doc/swsubst/swsubst.1g
help/
help/join.en
help/subst.en
help/swsubst.en
packages/
packages/substx/
