appinfo/
appinfo/country.lsm
appinfo/fdkernel.lsm
appinfo/sys.lsm
bin/
bin/country.sys
bin/kernel.sys
bin/kernel16.sys
bin/kernel32.sys
bin/krnlupdt.bat
bin/sys.com
bin/winkern.sys
config.sys
doc/
doc/kernel/
doc/kernel/bugs.txt
doc/kernel/build.txt
doc/kernel/config.txt
doc/kernel/contrib.txt
doc/kernel/history.txt
doc/kernel/intfns.txt
doc/kernel/lfnapi.txt
doc/kernel/mkboot.txt
doc/kernel/nls.txt
doc/kernel/readme.cvs
doc/kernel/readme.txt
doc/kernel/sys.txt
help/
help/sys.en
packages/
packages/sysx/
packages/sysx/remove.bat
